

Started GET "/assets/rails.png" for 127.0.0.1 at 2012-11-22 03:52:11 +0200
Connecting to database specified by database.yml
Served asset /rails.png - 200 OK (4ms)
Connecting to database specified by database.yml
Connecting to database specified by database.yml
  [1m[36m (0.1ms)[0m  [1mselect sqlite_version(*)[0m
  [1m[35m (260.3ms)[0m  CREATE TABLE "schema_migrations" ("version" varchar(255) NOT NULL) 
  [1m[36m (0.1ms)[0m  [1mPRAGMA index_list("schema_migrations")[0m
  [1m[35m (184.3ms)[0m  CREATE UNIQUE INDEX "unique_schema_migrations" ON "schema_migrations" ("version")
  [1m[36m (0.1ms)[0m  [1mSELECT "schema_migrations"."version" FROM "schema_migrations" [0m
Migrating to CreateUsers (20121122191447)
  [1m[35m (0.1ms)[0m  begin transaction
  [1m[36m (0.5ms)[0m  [1mCREATE TABLE "users" ("id" INTEGER PRIMARY KEY AUTOINCREMENT NOT NULL, "name" varchar(255), "email" varchar(255), "created_at" datetime NOT NULL, "updated_at" datetime NOT NULL) [0m
  [1m[35m (0.1ms)[0m  INSERT INTO "schema_migrations" ("version") VALUES ('20121122191447')
  [1m[36m (252.1ms)[0m  [1mcommit transaction[0m
  [1m[35m (0.3ms)[0m  select sqlite_version(*)
  [1m[36m (0.1ms)[0m  [1mSELECT "schema_migrations"."version" FROM "schema_migrations" [0m
  [1m[35m (0.0ms)[0m  PRAGMA index_list("users")


Started GET "/assets/rails.png" for 127.0.0.1 at 2012-11-22 21:16:17 +0200
Connecting to database specified by database.yml
Served asset /rails.png - 304 Not Modified (31ms)


Started GET "/users" for 127.0.0.1 at 2012-11-22 21:16:25 +0200
Processing by UsersController#index as HTML
  [1m[36mUser Load (0.1ms)[0m  [1mSELECT "users".* FROM "users" [0m
  Rendered users/index.html.erb within layouts/application (3.5ms)
Compiled scaffolds.css  (46ms)  (pid 5908)
Compiled users.css  (1ms)  (pid 5908)
Compiled application.css  (61ms)  (pid 5908)
Compiled jquery.js  (36ms)  (pid 5908)
Compiled jquery_ujs.js  (0ms)  (pid 5908)
Compiled users.js  (651ms)  (pid 5908)
Compiled application.js  (787ms)  (pid 5908)
Completed 200 OK in 1278ms (Views: 932.0ms | ActiveRecord: 2.1ms)


Started GET "/assets/jquery_ujs.js?body=1" for 127.0.0.1 at 2012-11-22 21:16:27 +0200
Served asset /jquery_ujs.js - 200 OK (16ms)


Started GET "/assets/jquery.js?body=1" for 127.0.0.1 at 2012-11-22 21:16:27 +0200
Served asset /jquery.js - 200 OK (2ms)


Started GET "/assets/scaffolds.css?body=1" for 127.0.0.1 at 2012-11-22 21:16:27 +0200
Served asset /scaffolds.css - 200 OK (2ms)


Started GET "/assets/users.css?body=1" for 127.0.0.1 at 2012-11-22 21:16:27 +0200
Served asset /users.css - 200 OK (1ms)


Started GET "/assets/application.css?body=1" for 127.0.0.1 at 2012-11-22 21:16:27 +0200
Served asset /application.css - 200 OK (3ms)


Started GET "/assets/users.js?body=1" for 127.0.0.1 at 2012-11-22 21:16:27 +0200
Served asset /users.js - 200 OK (1ms)


Started GET "/assets/application.js?body=1" for 127.0.0.1 at 2012-11-22 21:16:27 +0200
Served asset /application.js - 200 OK (6ms)


Started GET "/users/new" for 127.0.0.1 at 2012-11-22 21:16:29 +0200
Processing by UsersController#new as HTML
  Rendered users/_form.html.erb (30.3ms)
  Rendered users/new.html.erb within layouts/application (36.3ms)
Completed 200 OK in 50ms (Views: 41.6ms | ActiveRecord: 0.0ms)


Started POST "/users" for 127.0.0.1 at 2012-11-22 21:16:36 +0200
Processing by UsersController#create as HTML
  Parameters: {"utf8"=>"✓", "authenticity_token"=>"uvHYdR0j9qhm667jbwucqEMnPXNp2O3VmmYxGgwk1/s=", "user"=>{"name"=>"natishu", "email"=>"natishu1@gmail.com"}, "commit"=>"Create User"}
  [1m[35m (0.1ms)[0m  begin transaction
  [1m[36mSQL (349.9ms)[0m  [1mINSERT INTO "users" ("created_at", "email", "name", "updated_at") VALUES (?, ?, ?, ?)[0m  [["created_at", Thu, 22 Nov 2012 19:16:36 UTC +00:00], ["email", "natishu1@gmail.com"], ["name", "natishu"], ["updated_at", Thu, 22 Nov 2012 19:16:36 UTC +00:00]]
  [1m[35m (330.6ms)[0m  commit transaction
Redirected to http://localhost:3000/users/1
Completed 302 Found in 686ms (ActiveRecord: 680.6ms)


Started GET "/users/1" for 127.0.0.1 at 2012-11-22 21:16:37 +0200
Processing by UsersController#show as HTML
  Parameters: {"id"=>"1"}
  [1m[36mUser Load (0.3ms)[0m  [1mSELECT "users".* FROM "users" WHERE "users"."id" = ? LIMIT 1[0m  [["id", "1"]]
  Rendered users/show.html.erb within layouts/application (1.5ms)
Completed 200 OK in 9ms (Views: 6.4ms | ActiveRecord: 0.3ms)


Started GET "/assets/scaffolds.css?body=1" for 127.0.0.1 at 2012-11-22 21:16:37 +0200
Served asset /scaffolds.css - 304 Not Modified (0ms)


Started GET "/assets/users.css?body=1" for 127.0.0.1 at 2012-11-22 21:16:37 +0200
Served asset /users.css - 304 Not Modified (0ms)


Started GET "/assets/users.js?body=1" for 127.0.0.1 at 2012-11-22 21:16:37 +0200
Served asset /users.js - 304 Not Modified (0ms)


Started GET "/users" for 127.0.0.1 at 2012-11-22 21:16:39 +0200
Processing by UsersController#index as HTML
  [1m[35mUser Load (0.2ms)[0m  SELECT "users".* FROM "users" 
  Rendered users/index.html.erb within layouts/application (1.5ms)
Completed 200 OK in 8ms (Views: 6.4ms | ActiveRecord: 0.2ms)


Started GET "/assets/scaffolds.css?body=1" for 127.0.0.1 at 2012-11-22 21:16:39 +0200
Served asset /scaffolds.css - 304 Not Modified (0ms)


Started GET "/assets/users.css?body=1" for 127.0.0.1 at 2012-11-22 21:16:39 +0200
Served asset /users.css - 304 Not Modified (0ms)


Started GET "/assets/users.js?body=1" for 127.0.0.1 at 2012-11-22 21:16:39 +0200
Served asset /users.js - 304 Not Modified (0ms)


Started GET "/users/1/edit" for 127.0.0.1 at 2012-11-22 21:16:42 +0200
Processing by UsersController#edit as HTML
  Parameters: {"id"=>"1"}
  [1m[36mUser Load (0.2ms)[0m  [1mSELECT "users".* FROM "users" WHERE "users"."id" = ? LIMIT 1[0m  [["id", "1"]]
  Rendered users/_form.html.erb (4.2ms)
  Rendered users/edit.html.erb within layouts/application (6.0ms)
Completed 200 OK in 13ms (Views: 11.3ms | ActiveRecord: 0.2ms)


Started GET "/assets/scaffolds.css?body=1" for 127.0.0.1 at 2012-11-22 21:16:42 +0200
Served asset /scaffolds.css - 304 Not Modified (0ms)


Started GET "/assets/users.css?body=1" for 127.0.0.1 at 2012-11-22 21:16:42 +0200
Served asset /users.css - 304 Not Modified (0ms)


Started GET "/assets/users.js?body=1" for 127.0.0.1 at 2012-11-22 21:16:42 +0200
Served asset /users.js - 304 Not Modified (0ms)


Started GET "/users" for 127.0.0.1 at 2012-11-22 21:16:45 +0200
Processing by UsersController#index as HTML
  [1m[35mUser Load (0.2ms)[0m  SELECT "users".* FROM "users" 
  Rendered users/index.html.erb within layouts/application (1.4ms)
Completed 200 OK in 17ms (Views: 10.2ms | ActiveRecord: 0.2ms)


Started GET "/assets/scaffolds.css?body=1" for 127.0.0.1 at 2012-11-22 21:16:45 +0200
Served asset /scaffolds.css - 304 Not Modified (0ms)


Started GET "/assets/users.css?body=1" for 127.0.0.1 at 2012-11-22 21:16:45 +0200
Served asset /users.css - 304 Not Modified (0ms)


Started GET "/assets/users.js?body=1" for 127.0.0.1 at 2012-11-22 21:16:45 +0200
Served asset /users.js - 304 Not Modified (0ms)


Started GET "/users/1" for 127.0.0.1 at 2012-11-22 21:16:47 +0200
Processing by UsersController#show as HTML
  Parameters: {"id"=>"1"}
  [1m[36mUser Load (0.1ms)[0m  [1mSELECT "users".* FROM "users" WHERE "users"."id" = ? LIMIT 1[0m  [["id", "1"]]
  Rendered users/show.html.erb within layouts/application (0.9ms)
Completed 200 OK in 8ms (Views: 6.6ms | ActiveRecord: 0.1ms)


Started GET "/assets/scaffolds.css?body=1" for 127.0.0.1 at 2012-11-22 21:16:47 +0200
Served asset /scaffolds.css - 304 Not Modified (0ms)


Started GET "/assets/users.css?body=1" for 127.0.0.1 at 2012-11-22 21:16:47 +0200
Served asset /users.css - 304 Not Modified (0ms)


Started GET "/assets/users.js?body=1" for 127.0.0.1 at 2012-11-22 21:16:47 +0200
Served asset /users.js - 304 Not Modified (0ms)


Started GET "/users" for 127.0.0.1 at 2012-11-22 21:16:48 +0200
Processing by UsersController#index as HTML
  [1m[35mUser Load (0.3ms)[0m  SELECT "users".* FROM "users" 
  Rendered users/index.html.erb within layouts/application (3.3ms)
Completed 200 OK in 11ms (Views: 9.4ms | ActiveRecord: 0.3ms)


Started GET "/assets/scaffolds.css?body=1" for 127.0.0.1 at 2012-11-22 21:16:48 +0200
Served asset /scaffolds.css - 304 Not Modified (1ms)


Started GET "/assets/users.css?body=1" for 127.0.0.1 at 2012-11-22 21:16:48 +0200
Served asset /users.css - 304 Not Modified (0ms)


Started GET "/assets/users.js?body=1" for 127.0.0.1 at 2012-11-22 21:16:48 +0200
Served asset /users.js - 304 Not Modified (0ms)
